2020-12-06T00:00:38.358+0300	controller/handler.go:24	[GoAdmin] [37;44m 200 [0m [37;104m GET   [0m /admin/login
2020-12-06T00:00:38.432+0300	controller/handler.go:24	[GoAdmin] [37;44m 200 [0m [37;104m GET   [0m /admin/assets/login/dist/all.min.css
2020-12-06T00:00:38.433+0300	controller/handler.go:24	[GoAdmin] [37;44m 200 [0m [37;104m GET   [0m /admin/assets/login/dist/all.min.js
2020-12-06T00:00:54.748+0300	controller/handler.go:24	[GoAdmin] [37;44m 200 [0m [37;104m POST   [0m /admin/signin
2020-12-06T00:00:54.919+0300	controller/handler.go:24	[GoAdmin] [37;44m 200 [0m [37;104m GET   [0m /admin/assets/dist/js/all.min.8425540791.js
2020-12-06T00:00:54.927+0300	controller/handler.go:24	[GoAdmin] [37;44m 200 [0m [37;104m GET   [0m /admin/assets/dist/css/all.min.79250b7051.css
2020-12-06T00:00:54.955+0300	controller/handler.go:24	[GoAdmin] [37;44m 200 [0m [37;104m GET   [0m /admin/assets/dist/js/treeview.min.7780d3bb0f.js
2020-12-06T00:00:54.965+0300	controller/handler.go:24	[GoAdmin] [37;44m 200 [0m [37;104m GET   [0m /admin/assets/dist/js/tree.min.e1faf8b7de.js
2020-12-06T00:00:54.972+0300	controller/handler.go:24	[GoAdmin] [37;44m 200 [0m [37;104m GET   [0m /admin/assets/dist/js/datatable.min.581cdc109b.js
2020-12-06T00:00:55.013+0300	controller/handler.go:24	[GoAdmin] [37;44m 200 [0m [37;104m GET   [0m /admin/assets/chart.min.js
2020-12-06T00:00:55.038+0300	controller/handler.go:24	[GoAdmin] [37;44m 200 [0m [37;104m GET   [0m /admin/assets/dist/js/all_2.min.38a2a946b0.js
2020-12-06T00:00:55.039+0300	controller/handler.go:24	[GoAdmin] [37;44m 200 [0m [37;104m GET   [0m /admin/assets/dist/img/avatar04.png
2020-12-06T00:00:55.043+0300	controller/handler.go:24	[GoAdmin] [37;44m 200 [0m [37;104m GET   [0m /admin/assets/dist/js/form.min.f8678914e9.js
2020-12-06T00:00:55.109+0300	controller/handler.go:24	[GoAdmin] [37;44m 200 [0m [37;104m GET   [0m /admin/assets/dist/fonts/fontawesome-webfont.woff2
2020-12-06T00:00:55.257+0300	controller/handler.go:24	[GoAdmin] [37;44m 200 [0m [37;104m GET   [0m /admin/assets/dist/css/fonts/6xK3dSBYKcSV-LCoeQqfX1RYOo3qOK7g.ttf
2020-12-06T00:00:55.310+0300	controller/handler.go:24	[GoAdmin] [37;44m 200 [0m [37;104m GET   [0m /admin/assets/dist/css/fonts/6xKydSBYKcSV-LCoeQqfX1RYOo3i54rwlxdr.ttf
2020-12-06T00:01:04.055+0300	controller/handler.go:24	[GoAdmin] [37;44m 200 [0m [37;104m GET   [0m /admin/info/manager
2020-12-06T00:01:04.151+0300	controller/handler.go:24	[GoAdmin] [37;44m 200 [0m [37;104m GET   [0m /admin/assets/dist/css/blue@2x.png
2020-12-06T00:25:08.843+0300	controller/handler.go:24	[GoAdmin] [37;44m 200 [0m [37;104m GET   [0m /admin/info/generate/new
2020-12-06T00:25:17.117+0300	controller/handler.go:24	[GoAdmin] [37;44m 200 [0m [37;104m POST   [0m /admin/operation/_tool_choose_conn
2020-12-06T00:25:23.297+0300	controller/handler.go:24	[GoAdmin] [37;44m 200 [0m [37;104m POST   [0m /admin/operation/_tool_choose_table
2020-12-06T00:26:31.654+0300	controller/handler.go:24	[GoAdmin] [37;44m 200 [0m [37;104m GET   [0m /admin/info/roles
2020-12-06T00:26:32.940+0300	controller/handler.go:24	[GoAdmin] [37;44m 200 [0m [37;104m GET   [0m /admin/info/permission
2020-12-06T00:26:34.397+0300	controller/handler.go:24	[GoAdmin] [37;44m 200 [0m [37;104m GET   [0m /admin/menu
2020-12-06T00:26:42.684+0300	controller/handler.go:24	[GoAdmin] [37;44m 200 [0m [37;104m GET   [0m /admin/info/op
2020-12-06T00:31:18.672+0300	controller/handler.go:24	[GoAdmin] [37;44m 200 [0m [37;104m GET   [0m /admin/plugins
2020-12-06T00:31:18.731+0300	controller/handler.go:24	[GoAdmin] [37;44m 200 [0m [37;104m GET   [0m /admin/assets/dist/img/plugin_default.png
2020-12-06T00:31:18.732+0300	controller/handler.go:24	[GoAdmin] [37;44m 200 [0m [37;104m GET   [0m /admin/assets/dist/img/plugin_more.png
2020-12-06T00:31:24.226+0300	controller/handler.go:24	[GoAdmin] [37;44m 200 [0m [37;104m GET   [0m /admin/plugins
2020-12-06T00:31:27.038+0300	controller/handler.go:24	[GoAdmin] [37;44m 200 [0m [37;104m GET   [0m /admin/plugins/store
2020-12-06T00:31:36.517+0300	controller/handler.go:24	[GoAdmin] [37;44m 200 [0m [37;104m GET   [0m /admin/menu
2020-12-06T00:31:37.827+0300	controller/handler.go:24	[GoAdmin] [37;44m 200 [0m [37;104m GET   [0m /admin/info/permission
2020-12-06T00:31:40.016+0300	controller/handler.go:24	[GoAdmin] [37;44m 200 [0m [37;104m GET   [0m /admin/info/roles
2020-12-06T00:31:41.305+0300	controller/handler.go:24	[GoAdmin] [37;44m 200 [0m [37;104m GET   [0m /admin/info/permission
2020-12-06T00:31:46.528+0300	controller/handler.go:24	[GoAdmin] [37;44m 200 [0m [37;104m GET   [0m /admin/info/manager
2020-12-06T00:31:48.292+0300	controller/handler.go:24	[GoAdmin] [37;44m 200 [0m [37;104m GET   [0m /admin/info/permission
2020-12-06T00:31:51.570+0300	controller/handler.go:24	[GoAdmin] [37;44m 200 [0m [37;104m GET   [0m /admin/info/manager
2020-12-06T00:31:52.943+0300	controller/handler.go:24	[GoAdmin] [37;44m 200 [0m [37;104m GET   [0m /admin/menu
2020-12-06T00:31:53.887+0300	controller/handler.go:24	[GoAdmin] [37;44m 200 [0m [37;104m GET   [0m /admin/info/manager
2020-12-06T00:31:56.442+0300	controller/handler.go:24	[GoAdmin] [37;44m 200 [0m [37;104m GET   [0m /admin/info/manager
2020-12-06T00:33:20.713+0300	controller/handler.go:24	[GoAdmin] [37;44m 200 [0m [37;104m POST   [0m /admin/operation/_tool_choose_conn
2020-12-06T00:33:23.770+0300	controller/handler.go:24	[GoAdmin] [37;44m 200 [0m [37;104m POST   [0m /admin/operation/_tool_choose_conn
2020-12-06T02:00:06.393+0300	controller/handler.go:24	[GoAdmin] [37;44m 200 [0m [37;104m GET   [0m /admin/info/manager
2020-12-06T02:00:15.470+0300	controller/handler.go:24	[GoAdmin] [37;44m 200 [0m [37;104m GET   [0m /admin/info/manager
2020-12-06T02:00:18.950+0300	controller/handler.go:24	[GoAdmin] [37;44m 400 [0m [37;104m POST   [0m /admin/operation/_tool_choose_conn
2020-12-06T02:00:21.834+0300	controller/handler.go:24	[GoAdmin] [37;44m 200 [0m [37;104m GET   [0m /admin/info/generate/new
2020-12-06T02:00:34.875+0300	controller/handler.go:24	[GoAdmin] [37;44m 200 [0m [37;104m POST   [0m /admin/operation/_tool_choose_conn
2020-12-06T02:00:43.239+0300	controller/handler.go:24	[GoAdmin] [37;44m 200 [0m [37;104m POST   [0m /admin/operation/_tool_choose_table
2020-12-06T14:47:43.436+0300	controller/handler.go:24	[GoAdmin] [37;44m 302 [0m [37;104m GET   [0m /admin/info/manager
2020-12-06T14:47:43.487+0300	controller/handler.go:24	[GoAdmin] [37;44m 200 [0m [37;104m GET   [0m /admin/login
2020-12-06T14:47:43.567+0300	controller/handler.go:24	[GoAdmin] [37;44m 200 [0m [37;104m GET   [0m /admin/assets/login/dist/all.min.css
2020-12-06T14:47:43.567+0300	controller/handler.go:24	[GoAdmin] [37;44m 200 [0m [37;104m GET   [0m /admin/assets/login/dist/all.min.js
2020-12-06T14:47:48.657+0300	controller/handler.go:24	[GoAdmin] [37;44m 400 [0m [37;104m POST   [0m /admin/signin
2020-12-06T14:47:48.731+0300	controller/handler.go:24	[GoAdmin] [37;44m 400 [0m [37;104m POST   [0m /admin/signin
2020-12-06T14:47:55.205+0300	controller/handler.go:24	[GoAdmin] [37;44m 200 [0m [37;104m POST   [0m /admin/signin
2020-12-06T14:47:55.354+0300	controller/handler.go:24	[GoAdmin] [37;44m 200 [0m [37;104m GET   [0m /admin/info/manager
2020-12-06T14:47:55.426+0300	controller/handler.go:24	[GoAdmin] [37;44m 200 [0m [37;104m GET   [0m /admin/assets/dist/js/all.min.8425540791.js
2020-12-06T14:47:55.435+0300	controller/handler.go:24	[GoAdmin] [37;44m 200 [0m [37;104m GET   [0m /admin/assets/dist/css/all.min.79250b7051.css
2020-12-06T14:47:55.467+0300	controller/handler.go:24	[GoAdmin] [37;44m 200 [0m [37;104m GET   [0m /admin/assets/dist/js/datatable.min.581cdc109b.js
2020-12-06T14:47:55.494+0300	controller/handler.go:24	[GoAdmin] [37;44m 200 [0m [37;104m GET   [0m /admin/assets/dist/js/form.min.f8678914e9.js
2020-12-06T14:47:55.509+0300	controller/handler.go:24	[GoAdmin] [37;44m 200 [0m [37;104m GET   [0m /admin/assets/dist/js/all_2.min.38a2a946b0.js
2020-12-06T14:47:55.509+0300	controller/handler.go:24	[GoAdmin] [37;44m 200 [0m [37;104m GET   [0m /admin/assets/chart.min.js
2020-12-06T14:47:55.565+0300	controller/handler.go:24	[GoAdmin] [37;44m 200 [0m [37;104m GET   [0m /admin/assets/dist/fonts/fontawesome-webfont.woff2
2020-12-06T14:47:55.664+0300	controller/handler.go:24	[GoAdmin] [37;44m 200 [0m [37;104m GET   [0m /admin/assets/dist/css/fonts/6xK3dSBYKcSV-LCoeQqfX1RYOo3qOK7g.ttf
2020-12-06T14:48:08.640+0300	controller/handler.go:24	[GoAdmin] [37;44m 200 [0m [37;104m GET   [0m /admin/info/manager
2020-12-06T14:48:22.940+0300	controller/handler.go:24	[GoAdmin] [37;44m 200 [0m [37;104m GET   [0m /admin/menu
2020-12-06T14:48:28.687+0300	controller/handler.go:24	[GoAdmin] [37;44m 200 [0m [37;104m GET   [0m /admin/assets/dist/css/fonts/6xKydSBYKcSV-LCoeQqfX1RYOo3i54rwlxdr.ttf
2020-12-06T14:48:46.246+0300	controller/handler.go:24	[GoAdmin] [37;44m 200 [0m [37;104m GET   [0m /admin/plugins
2020-12-06T14:48:50.008+0300	controller/handler.go:24	[GoAdmin] [37;44m 200 [0m [37;104m GET   [0m /admin/menu
2020-12-06T22:06:36.132+0300	controller/handler.go:24	[GoAdmin] [37;44m 302 [0m [37;104m GET   [0m /admin/menu
2020-12-06T22:06:36.164+0300	controller/handler.go:24	[GoAdmin] [37;44m 200 [0m [37;104m GET   [0m /admin/login
2020-12-06T22:06:36.237+0300	controller/handler.go:24	[GoAdmin] [37;44m 200 [0m [37;104m GET   [0m /admin/assets/login/dist/all.min.js
2020-12-06T22:06:36.237+0300	controller/handler.go:24	[GoAdmin] [37;44m 200 [0m [37;104m GET   [0m /admin/assets/login/dist/all.min.css
2020-12-06T22:06:42.920+0300	controller/handler.go:24	[GoAdmin] [37;44m 200 [0m [37;104m POST   [0m /admin/signin
2020-12-06T22:06:43.048+0300	controller/handler.go:24	[GoAdmin] [37;44m 200 [0m [37;104m GET   [0m /admin/menu
2020-12-06T22:06:43.190+0300	controller/handler.go:24	[GoAdmin] [37;44m 200 [0m [37;104m GET   [0m /admin/assets/dist/css/all.min.79250b7051.css
2020-12-06T22:06:43.198+0300	controller/handler.go:24	[GoAdmin] [37;44m 200 [0m [37;104m GET   [0m /admin/assets/dist/js/all.min.8425540791.js
2020-12-06T22:06:43.203+0300	controller/handler.go:24	[GoAdmin] [37;44m 200 [0m [37;104m GET   [0m /admin/assets/dist/js/datatable.min.581cdc109b.js
2020-12-06T22:06:43.254+0300	controller/handler.go:24	[GoAdmin] [37;44m 200 [0m [37;104m GET   [0m /admin/assets/chart.min.js
2020-12-06T22:06:43.275+0300	controller/handler.go:24	[GoAdmin] [37;44m 200 [0m [37;104m GET   [0m /admin/assets/dist/js/all_2.min.38a2a946b0.js
2020-12-06T22:06:43.278+0300	controller/handler.go:24	[GoAdmin] [37;44m 200 [0m [37;104m GET   [0m /admin/assets/dist/js/form.min.f8678914e9.js
2020-12-06T22:06:43.328+0300	controller/handler.go:24	[GoAdmin] [37;44m 200 [0m [37;104m GET   [0m /admin/assets/dist/fonts/fontawesome-webfont.woff2
2020-12-06T22:06:43.463+0300	controller/handler.go:24	[GoAdmin] [37;44m 200 [0m [37;104m GET   [0m /admin/assets/dist/css/fonts/6xK3dSBYKcSV-LCoeQqfX1RYOo3qOK7g.ttf
2020-12-06T22:06:50.827+0300	controller/handler.go:24	[GoAdmin] [37;44m 200 [0m [37;104m GET   [0m /admin/assets/dist/css/fonts/6xKydSBYKcSV-LCoeQqfX1RYOo3i54rwlxdr.ttf
2020-12-06T22:07:22.244+0300	controller/handler.go:24	[GoAdmin] [37;44m 200 [0m [37;104m GET   [0m /admin/info/persons
2020-12-06T22:07:47.510+0300	controller/handler.go:24	[GoAdmin] [37;44m 200 [0m [37;104m GET   [0m /admin/info/manager
2020-12-06T22:39:50.699+0300	controller/handler.go:24	[GoAdmin] [37;44m 200 [0m [37;104m GET   [0m /admin/info/persons
2020-12-06T22:39:50.772+0300	controller/handler.go:24	[GoAdmin] [37;44m 200 [0m [37;104m GET   [0m /admin/assets/dist/js/form.min.f8678914e9.js
2020-12-06T22:39:56.253+0300	controller/handler.go:24	[GoAdmin] [37;44m 200 [0m [37;104m GET   [0m /admin/info/persons
2020-12-06T22:40:02.247+0300	controller/handler.go:24	[GoAdmin] [37;44m 200 [0m [37;104m GET   [0m /admin/info/persons
2020-12-06T22:40:08.694+0300	controller/handler.go:24	[GoAdmin] [37;44m 200 [0m [37;104m GET   [0m /admin/info/persons
2020-12-06T22:44:28.723+0300	controller/handler.go:24	[GoAdmin] [37;44m 200 [0m [37;104m GET   [0m /admin/info/persons
2020-12-06T22:44:37.123+0300	controller/handler.go:24	[GoAdmin] [37;44m 200 [0m [37;104m GET   [0m /admin/info/persons
2020-12-06T22:45:03.428+0300	controller/handler.go:24	[GoAdmin] [37;44m 200 [0m [37;104m GET   [0m /admin/info/persons
2020-12-06T22:56:22.321+0300	controller/handler.go:24	[GoAdmin] [37;44m 200 [0m [37;104m GET   [0m /admin/info/persons
2020-12-06T23:00:22.166+0300	controller/handler.go:24	[GoAdmin] [37;44m 200 [0m [37;104m GET   [0m /admin/info/persons
2020-12-06T23:00:52.527+0300	controller/handler.go:24	[GoAdmin] [37;44m 200 [0m [37;104m GET   [0m /admin/info/persons
2020-12-06T23:04:26.005+0300	controller/handler.go:24	[GoAdmin] [37;44m 200 [0m [37;104m GET   [0m /admin/info/persons
2020-12-06T23:04:44.204+0300	controller/handler.go:24	[GoAdmin] [37;44m 200 [0m [37;104m GET   [0m /admin/info/persons
2020-12-06T23:04:54.542+0300	controller/handler.go:24	[GoAdmin] [37;44m 200 [0m [37;104m GET   [0m /admin/assets/dist/img/loading.gif
2020-12-06T23:04:54.543+0300	controller/handler.go:24	[GoAdmin] [37;44m 200 [0m [37;104m GET   [0m /admin/assets/dist/img/clear.png
2020-12-06T23:04:54.588+0300	controller/handler.go:24	[GoAdmin] [37;44m 200 [0m [37;104m GET   [0m /admin/assets/dist/fonts/glyphicons-halflings-regular.woff2
2020-12-06T23:05:21.967+0300	controller/handler.go:24	[GoAdmin] [37;44m 200 [0m [37;104m POST   [0m /admin/update/persons
2020-12-06T23:05:29.688+0300	controller/handler.go:24	[GoAdmin] [37;44m 200 [0m [37;104m POST   [0m /admin/update/persons
2020-12-06T23:05:34.381+0300	controller/handler.go:24	[GoAdmin] [37;44m 200 [0m [37;104m POST   [0m /admin/update/persons
2020-12-06T23:05:47.429+0300	controller/handler.go:24	[GoAdmin] [37;44m 200 [0m [37;104m POST   [0m /admin/update/persons
2020-12-06T23:06:02.920+0300	controller/handler.go:24	[GoAdmin] [37;44m 200 [0m [37;104m GET   [0m /admin/info/persons
2020-12-06T23:06:08.050+0300	controller/handler.go:24	[GoAdmin] [37;44m 200 [0m [37;104m GET   [0m /admin/info/persons/edit
2020-12-06T23:06:23.394+0300	controller/handler.go:24	[GoAdmin] [37;44m 200 [0m [37;104m POST   [0m /admin/edit/persons
2020-12-06T23:10:02.863+0300	controller/handler.go:24	[GoAdmin] [37;44m 200 [0m [37;104m GET   [0m /admin/info/persons
2020-12-06T23:10:09.453+0300	controller/handler.go:24	[GoAdmin] [37;44m 200 [0m [37;104m GET   [0m /admin/info/persons/detail
2020-12-06T23:10:15.085+0300	controller/handler.go:24	[GoAdmin] [37;44m 200 [0m [37;104m GET   [0m /admin/info/persons
2020-12-06T23:10:21.263+0300	controller/handler.go:24	[GoAdmin] [37;44m 200 [0m [37;104m GET   [0m /admin/info/site/edit
2020-12-06T23:11:16.434+0300	controller/handler.go:24	[GoAdmin] [37;44m 200 [0m [37;104m POST   [0m /admin/edit/site
2020-12-06T23:11:17.700+0300	controller/handler.go:24	[GoAdmin] [37;44m 302 [0m [37;104m GET   [0m /admin/info/site
2020-12-06T23:11:17.841+0300	controller/handler.go:24	[GoAdmin] [37;44m 200 [0m [37;104m GET   [0m /admin/info/site/edit
2020-12-06T23:11:18.651+0300	controller/handler.go:24	[GoAdmin] [37;44m 302 [0m [37;104m GET   [0m /admin/info/site
2020-12-06T23:11:18.748+0300	controller/handler.go:24	[GoAdmin] [37;44m 200 [0m [37;104m GET   [0m /admin/info/site/edit
2020-12-06T23:11:37.297+0300	controller/handler.go:24	[GoAdmin] [37;44m 200 [0m [37;104m POST   [0m /admin/edit/site
2020-12-06T23:11:38.650+0300	controller/handler.go:24	[GoAdmin] [37;44m 302 [0m [37;104m GET   [0m /admin/info/site
2020-12-06T23:11:38.752+0300	controller/handler.go:24	[GoAdmin] [37;44m 200 [0m [37;104m GET   [0m /admin/info/site/edit
2020-12-06T23:17:54.744+0300	controller/handler.go:24	[GoAdmin] [37;44m 200 [0m [37;104m GET   [0m /admin/info/site/edit
2020-12-06T23:17:58.410+0300	controller/handler.go:24	[GoAdmin] [37;44m 200 [0m [37;104m GET   [0m /admin/info/persons
2020-12-06T23:18:07.430+0300	controller/handler.go:24	[GoAdmin] [37;44m 200 [0m [37;104m GET   [0m /admin/info/persons
2020-12-06T23:19:56.289+0300	controller/handler.go:24	[GoAdmin] [37;44m 200 [0m [37;104m GET   [0m /admin/info/persons
2020-12-06T23:23:46.198+0300	controller/handler.go:24	[GoAdmin] [37;44m 200 [0m [37;104m GET   [0m /admin/info/persons
2020-12-06T23:23:59.346+0300	controller/handler.go:24	[GoAdmin] [37;44m 200 [0m [37;104m GET   [0m /admin/info/persons
2020-12-06T23:26:59.436+0300	controller/handler.go:24	[GoAdmin] [37;44m 200 [0m [37;104m GET   [0m /admin/info/persons
2020-12-06T23:27:04.717+0300	controller/handler.go:24	[GoAdmin] [37;44m 200 [0m [37;104m GET   [0m /admin/info/persons
2020-12-06T23:31:38.045+0300	controller/handler.go:24	[GoAdmin] [37;44m 200 [0m [37;104m GET   [0m /admin/info/persons/edit
2020-12-06T23:34:37.555+0300	controller/handler.go:24	[GoAdmin] [37;44m 200 [0m [37;104m GET   [0m /admin/info/persons/edit
2020-12-06T23:35:27.365+0300	controller/handler.go:24	[GoAdmin] [37;44m 200 [0m [37;104m POST   [0m /admin/edit/persons
2020-12-06T23:35:36.748+0300	controller/handler.go:24	[GoAdmin] [37;44m 200 [0m [37;104m GET   [0m /admin/info/persons/edit
2020-12-06T23:35:44.922+0300	controller/handler.go:24	[GoAdmin] [37;44m 200 [0m [37;104m POST   [0m /admin/edit/persons
2020-12-06T23:35:48.617+0300	controller/handler.go:24	[GoAdmin] [37;44m 200 [0m [37;104m GET   [0m /admin/info/persons/edit
2020-12-06T23:35:53.150+0300	controller/handler.go:24	[GoAdmin] [37;44m 200 [0m [37;104m POST   [0m /admin/edit/persons
2020-12-06T23:36:21.460+0300	controller/handler.go:24	[GoAdmin] [37;44m 200 [0m [37;104m GET   [0m /admin/info/persons
2020-12-06T23:36:25.588+0300	controller/handler.go:24	[GoAdmin] [37;44m 200 [0m [37;104m GET   [0m /admin/info/generate/new
2020-12-06T23:36:42.963+0300	controller/handler.go:24	[GoAdmin] [37;44m 200 [0m [37;104m POST   [0m /admin/operation/_tool_choose_conn
2020-12-06T23:36:50.897+0300	controller/handler.go:24	[GoAdmin] [37;44m 200 [0m [37;104m POST   [0m /admin/operation/_tool_choose_table
2020-12-06T23:38:09.410+0300	controller/handler.go:24	[GoAdmin] [37;44m 500 [0m [37;104m POST   [0m /admin/new/generate
2020-12-06T23:42:16.529+0300	controller/handler.go:24	[GoAdmin] [37;44m 200 [0m [37;104m POST   [0m /admin/new/generate
2020-12-06T23:43:30.902+0300	controller/handler.go:24	[GoAdmin] [37;44m 400 [0m [37;104m POST   [0m /admin/operation/_tool_choose_table
2020-12-06T23:43:46.876+0300	controller/handler.go:24	[GoAdmin] [37;44m 200 [0m [37;104m POST   [0m /admin/new/generate
2020-12-06T23:44:07.225+0300	controller/handler.go:24	[GoAdmin] [37;44m 400 [0m [37;104m POST   [0m /admin/operation/_tool_choose_table
2020-12-06T23:44:10.566+0300	controller/handler.go:24	[GoAdmin] [37;44m 200 [0m [37;104m POST   [0m /admin/new/generate
2020-12-06T23:44:16.141+0300	controller/handler.go:24	[GoAdmin] [37;44m 400 [0m [37;104m POST   [0m /admin/operation/_tool_choose_table
2020-12-06T23:44:18.977+0300	controller/handler.go:24	[GoAdmin] [37;44m 200 [0m [37;104m POST   [0m /admin/new/generate
2020-12-06T23:44:22.381+0300	controller/handler.go:24	[GoAdmin] [37;44m 400 [0m [37;104m POST   [0m /admin/operation/_tool_choose_table
2020-12-06T23:44:24.948+0300	controller/handler.go:24	[GoAdmin] [37;44m 200 [0m [37;104m POST   [0m /admin/new/generate
2020-12-06T23:44:31.033+0300	controller/handler.go:24	[GoAdmin] [37;44m 400 [0m [37;104m POST   [0m /admin/operation/_tool_choose_table
2020-12-06T23:44:33.648+0300	controller/handler.go:24	[GoAdmin] [37;44m 200 [0m [37;104m POST   [0m /admin/new/generate
2020-12-06T23:44:37.143+0300	controller/handler.go:24	[GoAdmin] [37;44m 400 [0m [37;104m POST   [0m /admin/operation/_tool_choose_table
2020-12-06T23:44:39.458+0300	controller/handler.go:24	[GoAdmin] [37;44m 200 [0m [37;104m POST   [0m /admin/new/generate
2020-12-06T23:44:43.125+0300	controller/handler.go:24	[GoAdmin] [37;44m 400 [0m [37;104m POST   [0m /admin/operation/_tool_choose_table
2020-12-06T23:44:45.771+0300	controller/handler.go:24	[GoAdmin] [37;44m 200 [0m [37;104m POST   [0m /admin/new/generate
2020-12-06T23:44:52.266+0300	controller/handler.go:24	[GoAdmin] [37;44m 400 [0m [37;104m POST   [0m /admin/operation/_tool_choose_table
2020-12-06T23:44:55.900+0300	controller/handler.go:24	[GoAdmin] [37;44m 200 [0m [37;104m POST   [0m /admin/new/generate
2020-12-06T23:44:59.015+0300	controller/handler.go:24	[GoAdmin] [37;44m 400 [0m [37;104m POST   [0m /admin/operation/_tool_choose_table
2020-12-06T23:45:01.602+0300	controller/handler.go:24	[GoAdmin] [37;44m 200 [0m [37;104m POST   [0m /admin/new/generate
2020-12-06T23:45:05.219+0300	controller/handler.go:24	[GoAdmin] [37;44m 400 [0m [37;104m POST   [0m /admin/operation/_tool_choose_table
2020-12-06T23:45:07.926+0300	controller/handler.go:24	[GoAdmin] [37;44m 200 [0m [37;104m POST   [0m /admin/new/generate
2020-12-06T23:45:11.048+0300	controller/handler.go:24	[GoAdmin] [37;44m 400 [0m [37;104m POST   [0m /admin/operation/_tool_choose_table
2020-12-06T23:45:13.566+0300	controller/handler.go:24	[GoAdmin] [37;44m 200 [0m [37;104m POST   [0m /admin/new/generate
2020-12-06T23:45:16.624+0300	controller/handler.go:24	[GoAdmin] [37;44m 400 [0m [37;104m POST   [0m /admin/operation/_tool_choose_table
2020-12-06T23:45:19.154+0300	controller/handler.go:24	[GoAdmin] [37;44m 200 [0m [37;104m POST   [0m /admin/new/generate
2020-12-06T23:45:22.488+0300	controller/handler.go:24	[GoAdmin] [37;44m 400 [0m [37;104m POST   [0m /admin/operation/_tool_choose_table
2020-12-06T23:45:25.311+0300	controller/handler.go:24	[GoAdmin] [37;44m 200 [0m [37;104m POST   [0m /admin/new/generate
2020-12-06T23:45:28.357+0300	controller/handler.go:24	[GoAdmin] [37;44m 400 [0m [37;104m POST   [0m /admin/operation/_tool_choose_table
2020-12-06T23:45:47.151+0300	controller/handler.go:24	[GoAdmin] [37;44m 200 [0m [37;104m POST   [0m /admin/new/generate
2020-12-06T23:45:50.176+0300	controller/handler.go:24	[GoAdmin] [37;44m 400 [0m [37;104m POST   [0m /admin/operation/_tool_choose_table
2020-12-06T23:45:53.039+0300	controller/handler.go:24	[GoAdmin] [37;44m 200 [0m [37;104m POST   [0m /admin/new/generate
2020-12-06T23:45:56.140+0300	controller/handler.go:24	[GoAdmin] [37;44m 400 [0m [37;104m POST   [0m /admin/operation/_tool_choose_table
2020-12-06T23:45:58.230+0300	controller/handler.go:24	[GoAdmin] [37;44m 200 [0m [37;104m POST   [0m /admin/new/generate
2020-12-06T23:46:09.784+0300	controller/handler.go:24	[GoAdmin] [37;44m 400 [0m [37;104m POST   [0m /admin/operation/_tool_choose_table
2020-12-06T23:46:12.372+0300	controller/handler.go:24	[GoAdmin] [37;44m 200 [0m [37;104m POST   [0m /admin/new/generate
2020-12-06T23:56:30.057+0300	controller/handler.go:24	[GoAdmin] [37;44m 200 [0m [37;104m GET   [0m /admin/menu
2020-12-06T23:58:02.316+0300	controller/handler.go:24	[GoAdmin] [37;44m 200 [0m [37;104m POST   [0m /admin/menu/new
2020-12-06T23:58:06.287+0300	controller/handler.go:24	[GoAdmin] [37;44m 200 [0m [37;104m GET   [0m /admin/menu/edit/show
2020-12-06T23:58:45.084+0300	controller/handler.go:24	[GoAdmin] [37;44m 200 [0m [37;104m POST   [0m /admin/menu/edit
2020-12-07T00:00:33.342+0300	controller/handler.go:24	[GoAdmin] [37;44m 200 [0m [37;104m GET   [0m /admin/info/generate/new
2020-12-07T00:00:42.695+0300	controller/handler.go:24	[GoAdmin] [37;44m 200 [0m [37;104m GET   [0m /admin/menu
2020-12-07T00:00:46.817+0300	controller/handler.go:24	[GoAdmin] [37;44m 200 [0m [37;104m POST   [0m /admin/menu/delete
2020-12-07T00:00:47.107+0300	controller/handler.go:24	[GoAdmin] [37;44m 200 [0m [37;104m GET   [0m /admin/menu
2020-12-07T00:02:13.284+0300	controller/handler.go:24	[GoAdmin] [37;44m 200 [0m [37;104m POST   [0m /admin/menu/new
2020-12-07T00:02:40.075+0300	controller/handler.go:24	[GoAdmin] [37;44m 200 [0m [37;104m POST   [0m /admin/menu/new
2020-12-07T00:02:44.994+0300	controller/handler.go:24	[GoAdmin] [37;44m 200 [0m [37;104m GET   [0m /admin/menu/edit/show
2020-12-07T00:02:58.969+0300	controller/handler.go:24	[GoAdmin] [37;44m 200 [0m [37;104m POST   [0m /admin/menu/edit
2020-12-07T00:04:00.901+0300	controller/handler.go:24	[GoAdmin] [37;44m 200 [0m [37;104m POST   [0m /admin/menu/new
2020-12-07T00:04:07.519+0300	controller/handler.go:24	[GoAdmin] [37;44m 200 [0m [37;104m GET   [0m /admin/menu/edit/show
2020-12-07T00:04:12.113+0300	controller/handler.go:24	[GoAdmin] [37;44m 200 [0m [37;104m GET   [0m /admin/menu/edit/show
2020-12-07T00:04:28.924+0300	controller/handler.go:24	[GoAdmin] [37;44m 200 [0m [37;104m GET   [0m /admin/menu
2020-12-07T00:04:34.808+0300	controller/handler.go:24	[GoAdmin] [37;44m 200 [0m [37;104m GET   [0m /admin/menu/edit/show
2020-12-07T00:04:58.266+0300	controller/handler.go:24	[GoAdmin] [37;44m 200 [0m [37;104m GET   [0m /admin/info/persons
2020-12-07T00:05:00.725+0300	controller/handler.go:24	[GoAdmin] [37;44m 200 [0m [37;104m GET   [0m /admin/info/users
2020-12-07T00:05:17.057+0300	controller/handler.go:24	[GoAdmin] [37;44m 200 [0m [37;104m GET   [0m /admin/info/persons
2020-12-07T00:05:21.047+0300	controller/handler.go:24	[GoAdmin] [37;44m 200 [0m [37;104m GET   [0m /admin/info/users
2020-12-07T00:05:26.781+0300	controller/handler.go:24	[GoAdmin] [37;44m 200 [0m [37;104m GET   [0m /admin/info/users
2020-12-07T00:05:31.930+0300	controller/handler.go:24	[GoAdmin] [37;44m 200 [0m [37;104m GET   [0m /admin/info/users
2020-12-07T00:05:33.595+0300	controller/handler.go:24	[GoAdmin] [37;44m 200 [0m [37;104m GET   [0m /admin/info/users
2020-12-07T00:05:35.182+0300	controller/handler.go:24	[GoAdmin] [37;44m 200 [0m [37;104m GET   [0m /admin/info/users
2020-12-07T00:05:37.000+0300	controller/handler.go:24	[GoAdmin] [37;44m 200 [0m [37;104m GET   [0m /admin/info/users
2020-12-07T00:05:40.013+0300	controller/handler.go:24	[GoAdmin] [37;44m 200 [0m [37;104m GET   [0m /admin/info/flats
2020-12-07T00:05:42.464+0300	controller/handler.go:24	[GoAdmin] [37;44m 200 [0m [37;104m GET   [0m /admin/info/users
2020-12-07T00:17:26.890+0300	controller/handler.go:24	[GoAdmin] [37;44m 302 [0m [37;104m GET   [0m /admin/info/persons
2020-12-07T00:17:26.965+0300	controller/handler.go:24	[GoAdmin] [37;44m 200 [0m [37;104m GET   [0m /admin/login
2020-12-07T00:17:27.048+0300	controller/handler.go:24	[GoAdmin] [37;44m 302 [0m [37;104m GET   [0m /admin/info/persons
2020-12-07T00:17:27.211+0300	controller/handler.go:24	[GoAdmin] [37;44m 200 [0m [37;104m GET   [0m /admin/login
2020-12-07T00:17:33.945+0300	controller/handler.go:24	[GoAdmin] [37;44m 200 [0m [37;104m POST   [0m /admin/signin
2020-12-07T00:17:33.984+0300	controller/handler.go:24	[GoAdmin] [37;44m 200 [0m [37;104m GET   [0m /admin/info/users
2020-12-07T00:17:33.988+0300	controller/handler.go:24	[GoAdmin] [37;44m 200 [0m [37;104m POST   [0m /admin/signin
2020-12-07T00:17:37.091+0300	controller/handler.go:24	[GoAdmin] [37;44m 200 [0m [37;104m GET   [0m /admin/login
2020-12-07T00:17:48.171+0300	controller/handler.go:24	[GoAdmin] [37;44m 200 [0m [37;104m POST   [0m /admin/signin
2020-12-07T00:17:48.203+0300	controller/handler.go:24	[GoAdmin] [37;44m 200 [0m [37;104m GET   [0m /admin/login
2020-12-07T00:18:07.101+0300	controller/handler.go:24	[GoAdmin] [37;44m 200 [0m [37;104m POST   [0m /admin/signin
2020-12-07T00:18:07.229+0300	controller/handler.go:24	[GoAdmin] [37;44m 200 [0m [37;104m GET   [0m /admin/info/users
2020-12-07T00:18:13.750+0300	controller/handler.go:24	[GoAdmin] [37;44m 200 [0m [37;104m GET   [0m /admin/info/persons
2020-12-07T00:18:25.367+0300	controller/handler.go:24	[GoAdmin] [37;44m 200 [0m [37;104m GET   [0m /admin/info/persons
2020-12-07T00:18:41.355+0300	controller/handler.go:24	[GoAdmin] [37;44m 200 [0m [37;104m GET   [0m /admin/info/users
2020-12-07T00:18:47.889+0300	controller/handler.go:24	[GoAdmin] [37;44m 200 [0m [37;104m GET   [0m /admin/info/users
2020-12-07T00:18:50.183+0300	controller/handler.go:24	[GoAdmin] [37;44m 200 [0m [37;104m GET   [0m /admin/info/users
2020-12-07T00:18:51.705+0300	controller/handler.go:24	[GoAdmin] [37;44m 200 [0m [37;104m GET   [0m /admin/info/users
2020-12-07T00:18:53.067+0300	controller/handler.go:24	[GoAdmin] [37;44m 200 [0m [37;104m GET   [0m /admin/info/users
2020-12-07T00:18:54.787+0300	controller/handler.go:24	[GoAdmin] [37;44m 200 [0m [37;104m GET   [0m /admin/info/users
2020-12-07T00:18:57.993+0300	controller/handler.go:24	[GoAdmin] [37;44m 200 [0m [37;104m GET   [0m /admin/info/users
2020-12-07T00:19:04.400+0300	controller/handler.go:24	[GoAdmin] [37;44m 200 [0m [37;104m GET   [0m /admin/info/flats
2020-12-07T00:24:35.997+0300	controller/handler.go:24	[GoAdmin] [37;44m 200 [0m [37;104m GET   [0m /admin/info/persons
2020-12-07T00:25:24.604+0300	controller/handler.go:24	[GoAdmin] [37;44m 200 [0m [37;104m GET   [0m /admin/info/persons
2020-12-07T00:28:10.918+0300	controller/handler.go:24	[GoAdmin] [37;44m 200 [0m [37;104m GET   [0m /admin/info/persons
2020-12-07T00:30:28.545+0300	controller/handler.go:24	[GoAdmin] [37;44m 200 [0m [37;104m GET   [0m /admin/info/persons
2020-12-07T00:31:45.720+0300	controller/handler.go:24	[GoAdmin] [37;44m 200 [0m [37;104m GET   [0m /admin/info/persons
2020-12-07T00:32:09.172+0300	controller/handler.go:24	[GoAdmin] [37;44m 200 [0m [37;104m GET   [0m /admin/info/persons
2020-12-07T00:32:41.039+0300	controller/handler.go:24	[GoAdmin] [37;44m 200 [0m [37;104m GET   [0m /admin/info/site/edit
2020-12-07T00:33:20.315+0300	controller/handler.go:24	[GoAdmin] [37;44m 200 [0m [37;104m POST   [0m /admin/edit/site
2020-12-07T00:33:21.656+0300	controller/handler.go:24	[GoAdmin] [37;44m 302 [0m [37;104m GET   [0m /admin/info/site
2020-12-07T00:33:21.786+0300	controller/handler.go:24	[GoAdmin] [37;44m 200 [0m [37;104m GET   [0m /admin/info/site/edit
2020-12-07T00:33:22.251+0300	controller/handler.go:24	[GoAdmin] [37;44m 302 [0m [37;104m GET   [0m /admin/info/site
2020-12-07T00:33:22.348+0300	controller/handler.go:24	[GoAdmin] [37;44m 200 [0m [37;104m GET   [0m /admin/info/site/edit
2020-12-07T00:34:31.103+0300	controller/handler.go:24	[GoAdmin] [37;44m 200 [0m [37;104m GET   [0m /admin/info/site/edit
2020-12-07T00:36:47.406+0300	controller/handler.go:24	[GoAdmin] [37;44m 200 [0m [37;104m GET   [0m /admin/info/manager
2020-12-07T00:36:50.241+0300	controller/handler.go:24	[GoAdmin] [37;44m 200 [0m [37;104m GET   [0m /admin/info/roles
2020-12-07T00:36:53.188+0300	controller/handler.go:24	[GoAdmin] [37;44m 200 [0m [37;104m GET   [0m /admin/info/persons
2020-12-07T00:36:55.259+0300	controller/handler.go:24	[GoAdmin] [37;44m 200 [0m [37;104m GET   [0m /admin/info/users
2020-12-07T00:36:56.894+0300	controller/handler.go:24	[GoAdmin] [37;44m 200 [0m [37;104m GET   [0m /admin/info/flats
2020-12-07T00:37:00.557+0300	controller/handler.go:24	[GoAdmin] [37;44m 200 [0m [37;104m GET   [0m /admin/info/persons
2020-12-07T00:39:28.355+0300	controller/handler.go:24	[GoAdmin] [37;44m 200 [0m [37;104m GET   [0m /admin/info/persons
2020-12-07T00:39:49.485+0300	controller/handler.go:24	[GoAdmin] [37;44m 200 [0m [37;104m GET   [0m /admin/info/persons
2020-12-07T00:40:46.686+0300	controller/handler.go:24	[GoAdmin] [37;44m 200 [0m [37;104m GET   [0m /admin/info/persons
2020-12-07T00:40:55.177+0300	controller/handler.go:24	[GoAdmin] [37;44m 200 [0m [37;104m GET   [0m /admin/info/persons
2020-12-13T02:40:40.476+0300	controller/handler.go:24	[GoAdmin] [37;44m 302 [0m [37;104m GET   [0m /admin/menu
2020-12-13T02:40:40.537+0300	controller/handler.go:24	[GoAdmin] [37;44m 200 [0m [37;104m GET   [0m /admin/login
2020-12-13T02:40:40.633+0300	controller/handler.go:24	[GoAdmin] [37;44m 200 [0m [37;104m GET   [0m /admin/assets/login/dist/all.min.css
2020-12-13T02:40:40.633+0300	controller/handler.go:24	[GoAdmin] [37;44m 200 [0m [37;104m GET   [0m /admin/assets/login/dist/all.min.js
2020-12-13T02:40:49.908+0300	controller/handler.go:24	[GoAdmin] [37;44m 200 [0m [37;104m POST   [0m /admin/signin
2020-12-13T02:40:50.076+0300	controller/handler.go:24	[GoAdmin] [37;44m 200 [0m [37;104m GET   [0m /admin/assets/dist/js/all.min.8425540791.js
2020-12-13T02:40:50.083+0300	controller/handler.go:24	[GoAdmin] [37;44m 200 [0m [37;104m GET   [0m /admin/assets/dist/css/all.min.79250b7051.css
2020-12-13T02:40:50.092+0300	controller/handler.go:24	[GoAdmin] [37;44m 200 [0m [37;104m GET   [0m /admin/assets/dist/js/tree.min.e1faf8b7de.js
2020-12-13T02:40:50.095+0300	controller/handler.go:24	[GoAdmin] [37;44m 200 [0m [37;104m GET   [0m /admin/assets/dist/js/treeview.min.7780d3bb0f.js
2020-12-13T02:40:50.142+0300	controller/handler.go:24	[GoAdmin] [37;44m 200 [0m [37;104m GET   [0m /admin/assets/dist/js/datatable.min.581cdc109b.js
2020-12-13T02:40:50.165+0300	controller/handler.go:24	[GoAdmin] [37;44m 200 [0m [37;104m GET   [0m /admin/assets/dist/img/avatar04.png
2020-12-13T02:40:50.165+0300	controller/handler.go:24	[GoAdmin] [37;44m 200 [0m [37;104m GET   [0m /admin/assets/dist/js/all_2.min.38a2a946b0.js
2020-12-13T02:40:50.169+0300	controller/handler.go:24	[GoAdmin] [37;44m 200 [0m [37;104m GET   [0m /admin/assets/dist/js/form.min.f8678914e9.js
2020-12-13T02:40:50.221+0300	controller/handler.go:24	[GoAdmin] [37;44m 200 [0m [37;104m GET   [0m /admin/assets/dist/fonts/fontawesome-webfont.woff2
2020-12-13T02:40:50.345+0300	controller/handler.go:24	[GoAdmin] [37;44m 200 [0m [37;104m GET   [0m /admin/assets/dist/css/fonts/6xK3dSBYKcSV-LCoeQqfX1RYOo3qOK7g.ttf
2020-12-13T02:40:50.373+0300	controller/handler.go:24	[GoAdmin] [37;44m 200 [0m [37;104m GET   [0m /admin/assets/dist/css/fonts/6xKydSBYKcSV-LCoeQqfX1RYOo3i54rwlxdr.ttf
2020-12-13T02:40:54.650+0300	controller/handler.go:24	[GoAdmin] [37;44m 200 [0m [37;104m GET   [0m /admin/info/persons
2020-12-13T02:40:54.718+0300	controller/handler.go:24	[GoAdmin] [37;44m 200 [0m [37;104m GET   [0m /admin/assets/dist/css/blue@2x.png
2020-12-13T02:40:58.179+0300	controller/handler.go:24	[GoAdmin] [37;44m 200 [0m [37;104m GET   [0m /admin/info/users
2020-12-13T02:41:05.639+0300	controller/handler.go:24	[GoAdmin] [37;44m 200 [0m [37;104m GET   [0m /admin/info/persons
2020-12-13T02:41:07.117+0300	controller/handler.go:24	[GoAdmin] [37;44m 200 [0m [37;104m GET   [0m /admin/info/persons
2020-12-13T02:41:12.890+0300	controller/handler.go:24	[GoAdmin] [37;44m 200 [0m [37;104m GET   [0m /admin/info/site/edit
2020-12-13T02:41:49.918+0300	controller/handler.go:24	[GoAdmin] [37;44m 200 [0m [37;104m GET   [0m /admin/info/site/edit
2020-12-13T02:41:53.108+0300	controller/handler.go:24	[GoAdmin] [37;44m 200 [0m [37;104m GET   [0m /admin/info/generate/new
2020-12-13T02:41:55.954+0300	controller/handler.go:24	[GoAdmin] [37;44m 200 [0m [37;104m GET   [0m /admin/info/generate/new
2020-12-13T02:42:37.769+0300	controller/handler.go:24	[GoAdmin] [37;44m 200 [0m [37;104m GET   [0m /admin/application/info
2020-12-13T02:42:46.022+0300	controller/handler.go:24	[GoAdmin] [37;44m 200 [0m [37;104m GET   [0m /admin/plugins
2020-12-13T02:42:46.081+0300	controller/handler.go:24	[GoAdmin] [37;44m 200 [0m [37;104m GET   [0m /admin/assets/dist/img/plugin_default.png
2020-12-13T02:42:46.081+0300	controller/handler.go:24	[GoAdmin] [37;44m 200 [0m [37;104m GET   [0m /admin/assets/dist/img/plugin_more.png
2020-12-13T02:42:50.487+0300	controller/handler.go:24	[GoAdmin] [37;44m 200 [0m [37;104m GET   [0m /admin/plugins/store
2020-12-13T02:43:03.991+0300	controller/handler.go:24	[GoAdmin] [37;44m 200 [0m [37;104m GET   [0m /admin/info/site/edit
2020-12-13T02:43:13.589+0300	controller/handler.go:24	[GoAdmin] [37;44m 200 [0m [37;104m GET   [0m /admin/info/manager
2020-12-13T02:43:21.358+0300	controller/handler.go:24	[GoAdmin] [37;44m 200 [0m [37;104m GET   [0m /admin/menu
2020-12-13T02:43:36.415+0300	controller/handler.go:24	[GoAdmin] [37;44m 200 [0m [37;104m GET   [0m /admin/menu/edit/show
2020-12-13T02:44:53.797+0300	controller/handler.go:24	[GoAdmin] [37;44m 200 [0m [37;104m POST   [0m /admin/menu/new
2020-12-13T02:44:59.787+0300	controller/handler.go:24	[GoAdmin] [37;44m 200 [0m [37;104m GET   [0m /admin/menu/edit/show
2020-12-13T02:45:15.413+0300	controller/handler.go:24	[GoAdmin] [37;44m 200 [0m [37;104m POST   [0m /admin/menu/edit
2020-12-13T02:45:19.531+0300	controller/handler.go:24	[GoAdmin] [37;44m 200 [0m [37;104m GET   [0m /admin/menu/edit/show
2020-12-13T02:45:25.914+0300	controller/handler.go:24	[GoAdmin] [37;44m 200 [0m [37;104m POST   [0m /admin/menu/edit
2020-12-13T02:45:29.640+0300	controller/handler.go:24	[GoAdmin] [37;44m 200 [0m [37;104m GET   [0m /admin/menu/edit/show
2020-12-13T02:45:37.610+0300	controller/handler.go:24	[GoAdmin] [37;44m 200 [0m [37;104m POST   [0m /admin/menu/edit
2020-12-13T02:45:40.242+0300	controller/handler.go:24	[GoAdmin] [37;44m 200 [0m [37;104m GET   [0m /admin/menu/edit/show
2020-12-13T02:45:46.912+0300	controller/handler.go:24	[GoAdmin] [37;44m 200 [0m [37;104m POST   [0m /admin/menu/edit
2020-12-13T02:49:18.736+0300	controller/handler.go:24	[GoAdmin] [37;44m 200 [0m [37;104m POST   [0m /admin/menu/new
2020-12-13T02:50:16.341+0300	controller/handler.go:24	[GoAdmin] [37;44m 200 [0m [37;104m POST   [0m /admin/menu/new
2020-12-13T02:51:05.608+0300	controller/handler.go:24	[GoAdmin] [37;44m 200 [0m [37;104m POST   [0m /admin/menu/new
2020-12-13T02:51:40.484+0300	controller/handler.go:24	[GoAdmin] [37;44m 200 [0m [37;104m POST   [0m /admin/menu/new
2020-12-13T02:53:36.752+0300	controller/handler.go:24	[GoAdmin] [37;44m 200 [0m [37;104m POST   [0m /admin/menu/new
2020-12-13T02:54:23.276+0300	controller/handler.go:24	[GoAdmin] [37;44m 200 [0m [37;104m POST   [0m /admin/menu/order
2020-12-13T02:54:23.322+0300	controller/handler.go:24	[GoAdmin] [37;44m 200 [0m [37;104m GET   [0m /admin/menu
2020-12-13T02:54:51.579+0300	controller/handler.go:24	[GoAdmin] [37;44m 200 [0m [37;104m POST   [0m /admin/menu/new
2020-12-13T02:56:10.232+0300	controller/handler.go:24	[GoAdmin] [37;44m 200 [0m [37;104m POST   [0m /admin/menu/new
2020-12-13T02:56:25.016+0300	controller/handler.go:24	[GoAdmin] [37;44m 200 [0m [37;104m POST   [0m /admin/menu/new
2020-12-13T02:56:37.139+0300	controller/handler.go:24	[GoAdmin] [37;44m 200 [0m [37;104m GET   [0m /admin/menu/edit/show
2020-12-13T02:56:46.048+0300	controller/handler.go:24	[GoAdmin] [37;44m 200 [0m [37;104m POST   [0m /admin/menu/edit
2020-12-13T02:57:06.412+0300	controller/handler.go:24	[GoAdmin] [37;44m 200 [0m [37;104m GET   [0m /admin/menu/edit/show
2020-12-13T02:57:12.869+0300	controller/handler.go:24	[GoAdmin] [37;44m 200 [0m [37;104m POST   [0m /admin/menu/edit
2020-12-13T02:57:23.200+0300	controller/handler.go:24	[GoAdmin] [37;44m 200 [0m [37;104m POST   [0m /admin/menu/order
2020-12-13T02:57:23.252+0300	controller/handler.go:24	[GoAdmin] [37;44m 200 [0m [37;104m GET   [0m /admin/menu
2020-12-13T02:57:31.232+0300	controller/handler.go:24	[GoAdmin] [37;44m 200 [0m [37;104m GET   [0m /admin/menu/edit/show
2020-12-13T02:57:35.370+0300	controller/handler.go:24	[GoAdmin] [37;44m 200 [0m [37;104m POST   [0m /admin/menu/edit
2020-12-13T02:57:39.371+0300	controller/handler.go:24	[GoAdmin] [37;44m 200 [0m [37;104m POST   [0m /admin/menu/order
2020-12-13T02:57:39.423+0300	controller/handler.go:24	[GoAdmin] [37;44m 200 [0m [37;104m GET   [0m /admin/menu
2020-12-13T02:57:41.169+0300	controller/handler.go:24	[GoAdmin] [37;44m 200 [0m [37;104m GET   [0m /admin/menu/edit/show
2020-12-13T02:57:46.384+0300	controller/handler.go:24	[GoAdmin] [37;44m 200 [0m [37;104m POST   [0m /admin/menu/edit
2020-12-13T02:57:52.057+0300	controller/handler.go:24	[GoAdmin] [37;44m 200 [0m [37;104m GET   [0m /admin/menu/edit/show
2020-12-13T02:58:02.306+0300	controller/handler.go:24	[GoAdmin] [37;44m 200 [0m [37;104m POST   [0m /admin/menu/edit
2020-12-13T02:58:06.192+0300	controller/handler.go:24	[GoAdmin] [37;44m 200 [0m [37;104m POST   [0m /admin/menu/order
2020-12-13T02:58:06.243+0300	controller/handler.go:24	[GoAdmin] [37;44m 200 [0m [37;104m GET   [0m /admin/menu
2020-12-13T02:58:08.792+0300	controller/handler.go:24	[GoAdmin] [37;44m 200 [0m [37;104m GET   [0m /admin/menu/edit/show
2020-12-13T02:58:13.108+0300	controller/handler.go:24	[GoAdmin] [37;44m 200 [0m [37;104m POST   [0m /admin/menu/edit
2020-12-13T02:58:14.851+0300	controller/handler.go:24	[GoAdmin] [37;44m 200 [0m [37;104m POST   [0m /admin/menu/order
2020-12-13T02:58:14.901+0300	controller/handler.go:24	[GoAdmin] [37;44m 200 [0m [37;104m GET   [0m /admin/menu
2020-12-13T02:58:24.856+0300	controller/handler.go:24	[GoAdmin] [37;44m 200 [0m [37;104m GET   [0m /admin/menu/edit/show
2020-12-13T02:58:29.294+0300	controller/handler.go:24	[GoAdmin] [37;44m 200 [0m [37;104m POST   [0m /admin/menu/edit
2020-12-13T02:58:31.017+0300	controller/handler.go:24	[GoAdmin] [37;44m 200 [0m [37;104m POST   [0m /admin/menu/order
2020-12-13T02:58:31.067+0300	controller/handler.go:24	[GoAdmin] [37;44m 200 [0m [37;104m GET   [0m /admin/menu
2020-12-13T02:59:01.391+0300	controller/handler.go:24	[GoAdmin] [37;44m 200 [0m [37;104m POST   [0m /admin/menu/new
2020-12-13T02:59:36.439+0300	controller/handler.go:24	[GoAdmin] [37;44m 200 [0m [37;104m POST   [0m /admin/menu/new
2020-12-13T03:00:42.246+0300	controller/handler.go:24	[GoAdmin] [37;44m 200 [0m [37;104m POST   [0m /admin/menu/new
2020-12-13T03:00:46.829+0300	controller/handler.go:24	[GoAdmin] [37;44m 200 [0m [37;104m POST   [0m /admin/menu/order
2020-12-13T03:00:46.889+0300	controller/handler.go:24	[GoAdmin] [37;44m 200 [0m [37;104m GET   [0m /admin/menu
2020-12-13T03:01:39.174+0300	controller/handler.go:24	[GoAdmin] [37;44m 200 [0m [37;104m POST   [0m /admin/menu/new
2020-12-13T03:02:12.183+0300	controller/handler.go:24	[GoAdmin] [37;44m 200 [0m [37;104m POST   [0m /admin/menu/new
2020-12-13T03:02:21.140+0300	controller/handler.go:24	[GoAdmin] [37;44m 200 [0m [37;104m POST   [0m /admin/menu/order
2020-12-13T03:02:21.188+0300	controller/handler.go:24	[GoAdmin] [37;44m 200 [0m [37;104m GET   [0m /admin/menu
2020-12-13T03:02:45.036+0300	controller/handler.go:24	[GoAdmin] [37;44m 200 [0m [37;104m POST   [0m /admin/menu/new
2020-12-13T03:03:32.412+0300	controller/handler.go:24	[GoAdmin] [37;44m 200 [0m [37;104m POST   [0m /admin/menu/new
2020-12-13T03:06:18.763+0300	controller/handler.go:24	[GoAdmin] [37;44m 200 [0m [37;104m POST   [0m /admin/menu/new
2020-12-13T03:06:23.359+0300	controller/handler.go:24	[GoAdmin] [37;44m 200 [0m [37;104m GET   [0m /admin/menu/edit/show
2020-12-13T03:06:56.711+0300	controller/handler.go:24	[GoAdmin] [37;44m 200 [0m [37;104m POST   [0m /admin/menu/edit
2020-12-13T03:07:22.669+0300	controller/handler.go:24	[GoAdmin] [37;44m 200 [0m [37;104m POST   [0m /admin/menu/order
2020-12-13T03:07:22.710+0300	controller/handler.go:24	[GoAdmin] [37;44m 200 [0m [37;104m GET   [0m /admin/menu
2020-12-13T03:07:32.043+0300	controller/handler.go:24	[GoAdmin] [37;44m 200 [0m [37;104m GET   [0m /admin/info/persons
2020-12-13T03:07:34.342+0300	controller/handler.go:24	[GoAdmin] [37;44m 200 [0m [37;104m GET   [0m /admin/info/users
2020-12-13T03:07:45.240+0300	controller/handler.go:24	[GoAdmin] [37;44m 200 [0m [37;104m GET   [0m /admin/info/persons
2020-12-13T03:07:49.659+0300	controller/handler.go:24	[GoAdmin] [37;44m 200 [0m [37;104m GET   [0m /admin/info/users
2020-12-13T03:07:54.329+0300	controller/handler.go:24	[GoAdmin] [37;44m 200 [0m [37;104m GET   [0m /admin/info/users
2020-12-13T03:07:55.574+0300	controller/handler.go:24	[GoAdmin] [37;44m 200 [0m [37;104m GET   [0m /admin/info/users
2020-12-13T03:07:56.352+0300	controller/handler.go:24	[GoAdmin] [37;44m 200 [0m [37;104m GET   [0m /admin/info/users
2020-12-13T03:07:57.354+0300	controller/handler.go:24	[GoAdmin] [37;44m 200 [0m [37;104m GET   [0m /admin/info/users
2020-12-13T03:07:58.731+0300	controller/handler.go:24	[GoAdmin] [37;44m 200 [0m [37;104m GET   [0m /admin/info/users
2020-12-13T03:07:59.775+0300	controller/handler.go:24	[GoAdmin] [37;44m 200 [0m [37;104m GET   [0m /admin/info/users
2020-12-13T03:08:04.473+0300	controller/handler.go:24	[GoAdmin] [37;44m 200 [0m [37;104m GET   [0m /admin/info/persons
2020-12-13T03:08:07.564+0300	controller/handler.go:24	[GoAdmin] [37;44m 200 [0m [37;104m GET   [0m /admin/info/users
2020-12-13T03:08:08.871+0300	controller/handler.go:24	[GoAdmin] [37;44m 200 [0m [37;104m GET   [0m /admin/info/invites
2020-12-13T03:08:11.377+0300	controller/handler.go:24	[GoAdmin] [37;44m 200 [0m [37;104m GET   [0m /admin/info/invites
2020-12-13T03:08:15.180+0300	controller/handler.go:24	[GoAdmin] [37;44m 200 [0m [37;104m GET   [0m /admin/info/invites
2020-12-13T03:08:17.830+0300	controller/handler.go:24	[GoAdmin] [37;44m 200 [0m [37;104m GET   [0m /admin/info/users
2020-12-13T03:08:19.329+0300	controller/handler.go:24	[GoAdmin] [37;44m 200 [0m [37;104m GET   [0m /admin/info/users
2020-12-13T03:08:20.241+0300	controller/handler.go:24	[GoAdmin] [37;44m 200 [0m [37;104m GET   [0m /admin/info/invites
2020-12-13T03:08:22.464+0300	controller/handler.go:24	[GoAdmin] [37;44m 200 [0m [37;104m GET   [0m /admin/info/invites
2020-12-13T03:08:26.158+0300	controller/handler.go:24	[GoAdmin] [37;44m 200 [0m [37;104m GET   [0m /admin/info/roles
2020-12-13T03:08:36.822+0300	controller/handler.go:24	[GoAdmin] [37;44m 200 [0m [37;104m GET   [0m /admin/info/sessions
2020-12-13T03:08:38.773+0300	controller/handler.go:24	[GoAdmin] [37;44m 200 [0m [37;104m GET   [0m /admin/info/documents
2020-12-13T03:08:41.963+0300	controller/handler.go:24	[GoAdmin] [37;44m 200 [0m [37;104m GET   [0m /admin/info/posts
2020-12-13T03:08:53.229+0300	controller/handler.go:24	[GoAdmin] [37;44m 200 [0m [37;104m GET   [0m /admin/info/documents
2020-12-13T03:08:53.956+0300	controller/handler.go:24	[GoAdmin] [37;44m 200 [0m [37;104m GET   [0m /admin/info/persons
2020-12-13T03:08:55.824+0300	controller/handler.go:24	[GoAdmin] [37;44m 200 [0m [37;104m GET   [0m /admin/info/persons
2020-12-13T03:08:59.811+0300	controller/handler.go:24	[GoAdmin] [37;44m 200 [0m [37;104m GET   [0m /admin/info/generate/new
2020-12-13T03:09:11.748+0300	controller/handler.go:24	[GoAdmin] [37;44m 200 [0m [37;104m GET   [0m /admin/info/instructions
2020-12-13T03:09:45.987+0300	controller/handler.go:24	[GoAdmin] [37;44m 200 [0m [37;104m POST   [0m /admin/operation/_tool_choose_conn
2020-12-13T03:09:50.122+0300	controller/handler.go:24	[GoAdmin] [37;44m 200 [0m [37;104m POST   [0m /admin/operation/_tool_choose_table
2020-12-13T03:10:00.667+0300	controller/handler.go:24	[GoAdmin] [37;44m 200 [0m [37;104m POST   [0m /admin/operation/_tool_choose_table
2020-12-13T03:13:08.868+0300	controller/handler.go:24	[GoAdmin] [37;44m 200 [0m [37;104m POST   [0m /admin/new/generate
2020-12-13T03:13:41.324+0300	controller/handler.go:24	[GoAdmin] [37;44m 200 [0m [37;104m GET   [0m /admin/info/generate/new
2020-12-13T03:13:44.036+0300	controller/handler.go:24	[GoAdmin] [37;44m 200 [0m [37;104m POST   [0m /admin/operation/_tool_choose_conn
2020-12-13T03:14:04.642+0300	controller/handler.go:24	[GoAdmin] [37;44m 200 [0m [37;104m POST   [0m /admin/operation/_tool_choose_table
2020-12-13T03:14:32.578+0300	controller/handler.go:24	[GoAdmin] [37;44m 200 [0m [37;104m POST   [0m /admin/new/generate
2020-12-13T03:14:52.318+0300	controller/handler.go:24	[GoAdmin] [37;44m 200 [0m [37;104m POST   [0m /admin/operation/_tool_choose_table
2020-12-13T03:15:12.851+0300	controller/handler.go:24	[GoAdmin] [37;44m 200 [0m [37;104m POST   [0m /admin/new/generate
2020-12-13T03:15:21.133+0300	controller/handler.go:24	[GoAdmin] [37;44m 200 [0m [37;104m POST   [0m /admin/operation/_tool_choose_table
2020-12-13T03:15:32.558+0300	controller/handler.go:24	[GoAdmin] [37;44m 200 [0m [37;104m POST   [0m /admin/new/generate
2020-12-13T03:15:58.160+0300	controller/handler.go:24	[GoAdmin] [37;44m 200 [0m [37;104m POST   [0m /admin/operation/_tool_choose_table
2020-12-13T03:16:07.069+0300	controller/handler.go:24	[GoAdmin] [37;44m 200 [0m [37;104m POST   [0m /admin/new/generate
2020-12-13T03:16:21.052+0300	controller/handler.go:24	[GoAdmin] [37;44m 200 [0m [37;104m POST   [0m /admin/operation/_tool_choose_table
2020-12-13T03:16:36.432+0300	controller/handler.go:24	[GoAdmin] [37;44m 200 [0m [37;104m POST   [0m /admin/new/generate
2020-12-13T03:17:07.467+0300	controller/handler.go:24	[GoAdmin] [37;44m 200 [0m [37;104m POST   [0m /admin/operation/_tool_choose_table
2020-12-13T03:17:24.493+0300	controller/handler.go:24	[GoAdmin] [37;44m 200 [0m [37;104m POST   [0m /admin/new/generate
2020-12-13T03:17:29.624+0300	controller/handler.go:24	[GoAdmin] [37;44m 200 [0m [37;104m POST   [0m /admin/operation/_tool_choose_table
2020-12-13T03:17:32.869+0300	controller/handler.go:24	[GoAdmin] [37;44m 200 [0m [37;104m POST   [0m /admin/new/generate
2020-12-13T03:17:52.388+0300	controller/handler.go:24	[GoAdmin] [37;44m 200 [0m [37;104m POST   [0m /admin/operation/_tool_choose_table
2020-12-13T03:17:54.670+0300	controller/handler.go:24	[GoAdmin] [37;44m 200 [0m [37;104m POST   [0m /admin/new/generate
2020-12-13T03:18:01.440+0300	controller/handler.go:24	[GoAdmin] [37;44m 200 [0m [37;104m POST   [0m /admin/operation/_tool_choose_table
2020-12-13T03:18:03.460+0300	controller/handler.go:24	[GoAdmin] [37;44m 200 [0m [37;104m POST   [0m /admin/new/generate
2020-12-13T03:18:12.082+0300	controller/handler.go:24	[GoAdmin] [37;44m 200 [0m [37;104m POST   [0m /admin/operation/_tool_choose_table
2020-12-13T03:18:14.100+0300	controller/handler.go:24	[GoAdmin] [37;44m 200 [0m [37;104m POST   [0m /admin/new/generate
2020-12-13T03:18:32.190+0300	controller/handler.go:24	[GoAdmin] [37;44m 200 [0m [37;104m POST   [0m /admin/operation/_tool_choose_table
2020-12-13T03:18:39.266+0300	controller/handler.go:24	[GoAdmin] [37;44m 200 [0m [37;104m POST   [0m /admin/operation/_tool_choose_table
2020-12-13T03:18:41.060+0300	controller/handler.go:24	[GoAdmin] [37;44m 200 [0m [37;104m POST   [0m /admin/operation/_tool_choose_table
2020-12-13T03:18:54.518+0300	controller/handler.go:24	[GoAdmin] [37;44m 200 [0m [37;104m POST   [0m /admin/new/generate
2020-12-13T03:19:08.403+0300	controller/handler.go:24	[GoAdmin] [37;44m 200 [0m [37;104m POST   [0m /admin/operation/_tool_choose_table
2020-12-13T03:19:11.043+0300	controller/handler.go:24	[GoAdmin] [37;44m 200 [0m [37;104m POST   [0m /admin/new/generate
2020-12-13T03:19:21.179+0300	controller/handler.go:24	[GoAdmin] [37;44m 200 [0m [37;104m POST   [0m /admin/operation/_tool_choose_table
2020-12-13T03:19:23.140+0300	controller/handler.go:24	[GoAdmin] [37;44m 200 [0m [37;104m POST   [0m /admin/new/generate
2020-12-13T03:19:31.270+0300	controller/handler.go:24	[GoAdmin] [37;44m 200 [0m [37;104m POST   [0m /admin/operation/_tool_choose_table
2020-12-13T03:19:33.120+0300	controller/handler.go:24	[GoAdmin] [37;44m 200 [0m [37;104m POST   [0m /admin/new/generate
2020-12-13T03:19:39.146+0300	controller/handler.go:24	[GoAdmin] [37;44m 200 [0m [37;104m POST   [0m /admin/operation/_tool_choose_table
2020-12-13T03:19:40.935+0300	controller/handler.go:24	[GoAdmin] [37;44m 200 [0m [37;104m POST   [0m /admin/new/generate
2020-12-13T03:19:47.586+0300	controller/handler.go:24	[GoAdmin] [37;44m 200 [0m [37;104m POST   [0m /admin/operation/_tool_choose_table
2020-12-13T03:19:49.401+0300	controller/handler.go:24	[GoAdmin] [37;44m 200 [0m [37;104m POST   [0m /admin/new/generate
2020-12-13T03:20:01.635+0300	controller/handler.go:24	[GoAdmin] [37;44m 200 [0m [37;104m POST   [0m /admin/operation/_tool_choose_table
2020-12-13T03:20:03.074+0300	controller/handler.go:24	[GoAdmin] [37;44m 200 [0m [37;104m POST   [0m /admin/new/generate
2020-12-13T03:20:29.387+0300	controller/handler.go:24	[GoAdmin] [37;44m 200 [0m [37;104m GET   [0m /admin/info/documents
2020-12-13T03:21:40.034+0300	controller/handler.go:24	[GoAdmin] [37;44m 200 [0m [37;104m GET   [0m /admin/info/documents
2020-12-13T03:21:52.422+0300	controller/handler.go:24	[GoAdmin] [37;44m 200 [0m [37;104m GET   [0m /admin/info/documents/detail
2020-12-13T03:22:03.650+0300	controller/handler.go:24	[GoAdmin] [37;44m 200 [0m [37;104m GET   [0m /admin/info/documents
2020-12-13T03:22:07.473+0300	controller/handler.go:24	[GoAdmin] [37;44m 200 [0m [37;104m GET   [0m /admin/info/posts
2020-12-13T03:22:12.797+0300	controller/handler.go:24	[GoAdmin] [37;44m 200 [0m [37;104m GET   [0m /admin/info/queue
2020-12-13T03:22:14.603+0300	controller/handler.go:24	[GoAdmin] [37;44m 200 [0m [37;104m GET   [0m /admin/info/posts
2020-12-13T03:22:43.095+0300	controller/handler.go:24	[GoAdmin] [37;44m 200 [0m [37;104m GET   [0m /admin/info/queue
2020-12-13T03:22:47.176+0300	controller/handler.go:24	[GoAdmin] [37;44m 200 [0m [37;104m GET   [0m /admin/info/residents
2020-12-13T03:23:40.694+0300	controller/handler.go:24	[GoAdmin] [37;44m 200 [0m [37;104m GET   [0m /admin/info/votes
2020-12-13T03:23:47.069+0300	controller/handler.go:24	[GoAdmin] [37;44m 200 [0m [37;104m GET   [0m /admin/info/flats
2020-12-13T03:23:52.921+0300	controller/handler.go:24	[GoAdmin] [37;44m 200 [0m [37;104m GET   [0m /admin/info/persons
2020-12-13T03:23:59.919+0300	controller/handler.go:24	[GoAdmin] [37;44m 200 [0m [37;104m GET   [0m /admin/info/users
2020-12-13T03:24:27.853+0300	controller/handler.go:24	[GoAdmin] [37;44m 200 [0m [37;104m GET   [0m /admin/info/sessions
2020-12-13T03:25:00.520+0300	controller/handler.go:24	[GoAdmin] [37;44m 200 [0m [37;104m GET   [0m /admin/info/sessions
2020-12-13T03:25:07.191+0300	controller/handler.go:24	[GoAdmin] [37;44m 200 [0m [37;104m GET   [0m /admin/info/sessions
2020-12-13T03:25:11.238+0300	controller/handler.go:24	[GoAdmin] [37;44m 200 [0m [37;104m GET   [0m /admin/info/sessions
2020-12-13T03:25:14.215+0300	controller/handler.go:24	[GoAdmin] [37;44m 200 [0m [37;104m GET   [0m /admin/info/sessions
2020-12-13T03:25:26.159+0300	controller/handler.go:24	[GoAdmin] [37;44m 200 [0m [37;104m GET   [0m /admin/info/documents
2020-12-13T03:25:27.746+0300	controller/handler.go:24	[GoAdmin] [37;44m 200 [0m [37;104m GET   [0m /admin/info/posts
2020-12-13T03:25:29.415+0300	controller/handler.go:24	[GoAdmin] [37;44m 200 [0m [37;104m GET   [0m /admin/info/queue
2020-12-13T03:25:30.598+0300	controller/handler.go:24	[GoAdmin] [37;44m 200 [0m [37;104m GET   [0m /admin/info/residents
2020-12-13T03:25:32.160+0300	controller/handler.go:24	[GoAdmin] [37;44m 200 [0m [37;104m GET   [0m /admin/info/residents
2020-12-13T03:25:36.617+0300	controller/handler.go:24	[GoAdmin] [37;44m 200 [0m [37;104m POST   [0m /admin/menu/order
2020-12-13T03:25:36.670+0300	controller/handler.go:24	[GoAdmin] [37;44m 200 [0m [37;104m GET   [0m /admin/menu
2020-12-13T03:25:38.198+0300	controller/handler.go:24	[GoAdmin] [37;44m 200 [0m [37;104m GET   [0m /admin/info/residents
2020-12-13T03:25:43.521+0300	controller/handler.go:24	[GoAdmin] [37;44m 200 [0m [37;104m GET   [0m /admin/info/events_log
2020-12-13T03:25:45.173+0300	controller/handler.go:24	[GoAdmin] [37;44m 200 [0m [37;104m GET   [0m /admin/info/events
2020-12-13T03:25:46.613+0300	controller/handler.go:24	[GoAdmin] [37;44m 200 [0m [37;104m GET   [0m /admin/info/events_log
2020-12-13T03:25:49.458+0300	controller/handler.go:24	[GoAdmin] [37;44m 200 [0m [37;104m GET   [0m /admin/info/faqCategories
2020-12-13T03:25:53.194+0300	controller/handler.go:24	[GoAdmin] [37;44m 200 [0m [37;104m GET   [0m /admin/info/faq
2020-12-13T03:25:55.004+0300	controller/handler.go:24	[GoAdmin] [37;44m 200 [0m [37;104m GET   [0m /admin/info/faqCategories
2020-12-13T03:26:38.883+0300	controller/handler.go:24	[GoAdmin] [37;44m 200 [0m [37;104m GET   [0m /admin/info/faqCategories
2020-12-13T03:26:40.187+0300	controller/handler.go:24	[GoAdmin] [37;44m 200 [0m [37;104m GET   [0m /admin/info/faq
2020-12-13T03:27:15.778+0300	controller/handler.go:24	[GoAdmin] [37;44m 200 [0m [37;104m GET   [0m /admin/info/faqCategories
2020-12-13T03:27:17.007+0300	controller/handler.go:24	[GoAdmin] [37;44m 200 [0m [37;104m GET   [0m /admin/info/faq
2020-12-13T03:27:17.972+0300	controller/handler.go:24	[GoAdmin] [37;44m 200 [0m [37;104m GET   [0m /admin/info/instructions
2020-12-13T03:27:28.403+0300	controller/handler.go:24	[GoAdmin] [37;44m 200 [0m [37;104m GET   [0m /admin/info/instructions
2020-12-13T03:27:40.467+0300	controller/handler.go:24	[GoAdmin] [37;44m 200 [0m [37;104m GET   [0m /admin/info/residents
2020-12-13T03:27:42.989+0300	controller/handler.go:24	[GoAdmin] [37;44m 200 [0m [37;104m GET   [0m /admin/info/documents
2020-12-13T03:27:45.417+0300	controller/handler.go:24	[GoAdmin] [37;44m 200 [0m [37;104m GET   [0m /admin/info/posts
2020-12-13T03:27:46.646+0300	controller/handler.go:24	[GoAdmin] [37;44m 200 [0m [37;104m GET   [0m /admin/info/documents
2020-12-13T03:28:22.294+0300	controller/handler.go:24	[GoAdmin] [37;44m 200 [0m [37;104m GET   [0m /admin/menu/edit/show
2020-12-13T03:28:31.678+0300	controller/handler.go:24	[GoAdmin] [37;44m 200 [0m [37;104m POST   [0m /admin/menu/edit
2020-12-13T03:29:20.838+0300	controller/handler.go:24	[GoAdmin] [37;44m 200 [0m [37;104m POST   [0m /admin/menu/order
2020-12-13T03:29:20.889+0300	controller/handler.go:24	[GoAdmin] [37;44m 200 [0m [37;104m GET   [0m /admin/menu
2020-12-13T03:29:31.719+0300	controller/handler.go:24	[GoAdmin] [37;44m 200 [0m [37;104m GET   [0m /admin/menu
2020-12-13T03:32:17.655+0300	controller/handler.go:24	[GoAdmin] [37;44m 200 [0m [37;104m GET   [0m /admin/info/votes
2020-12-13T03:32:20.003+0300	controller/handler.go:24	[GoAdmin] [37;44m 200 [0m [37;104m GET   [0m /admin/info/votes
2020-12-13T03:33:00.699+0300	controller/handler.go:24	[GoAdmin] [37;44m 200 [0m [37;104m POST   [0m /admin/menu/new
2020-12-13T03:33:08.840+0300	controller/handler.go:24	[GoAdmin] [37;44m 200 [0m [37;104m GET   [0m /admin/menu/edit/show
2020-12-13T03:33:12.535+0300	controller/handler.go:24	[GoAdmin] [37;44m 200 [0m [37;104m POST   [0m /admin/menu/edit
2020-12-13T03:33:46.873+0300	controller/handler.go:24	[GoAdmin] [37;44m 200 [0m [37;104m POST   [0m /admin/menu/new
2020-12-13T03:34:21.767+0300	controller/handler.go:24	[GoAdmin] [37;44m 200 [0m [37;104m POST   [0m /admin/menu/new
2020-12-13T03:34:25.717+0300	controller/handler.go:24	[GoAdmin] [37;44m 200 [0m [37;104m GET   [0m /admin/menu/edit/show
2020-12-13T03:34:33.264+0300	controller/handler.go:24	[GoAdmin] [37;44m 200 [0m [37;104m POST   [0m /admin/menu/edit
2020-12-13T03:35:10.563+0300	controller/handler.go:24	[GoAdmin] [37;44m 200 [0m [37;104m POST   [0m /admin/menu/new
2020-12-13T03:35:57.030+0300	controller/handler.go:24	[GoAdmin] [37;44m 200 [0m [37;104m POST   [0m /admin/menu/order
2020-12-13T03:35:57.074+0300	controller/handler.go:24	[GoAdmin] [37;44m 200 [0m [37;104m GET   [0m /admin/menu
2020-12-13T03:36:12.201+0300	controller/handler.go:24	[GoAdmin] [37;44m 200 [0m [37;104m GET   [0m /admin/info/votes
2020-12-13T03:36:16.866+0300	controller/handler.go:24	[GoAdmin] [37;44m 200 [0m [37;104m GET   [0m /admin/info/votes
2020-12-13T03:36:23.210+0300	controller/handler.go:24	[GoAdmin] [37;44m 200 [0m [37;104m GET   [0m /admin/info/voteAnswers
2020-12-13T03:36:24.910+0300	controller/handler.go:24	[GoAdmin] [37;44m 200 [0m [37;104m GET   [0m /admin/info/voteQuestions
2020-12-13T03:39:16.425+0300	controller/handler.go:24	[GoAdmin] [37;44m 200 [0m [37;104m GET   [0m /admin/info/voteQuestions
2020-12-13T03:39:25.049+0300	controller/handler.go:24	[GoAdmin] [37;44m 200 [0m [37;104m GET   [0m /admin/info/faqCategories
2020-12-13T03:44:01.256+0300	controller/handler.go:24	[GoAdmin] [37;44m 200 [0m [37;104m GET   [0m /admin/info/faqCategories
2020-12-13T03:44:01.745+0300	controller/handler.go:24	[GoAdmin] [37;44m 200 [0m [37;104m GET   [0m /admin/info/faqCategories
2020-12-13T03:50:18.950+0300	controller/handler.go:24	[GoAdmin] [37;44m 200 [0m [37;104m GET   [0m /admin/info/faqCategories
2020-12-13T03:51:33.913+0300	controller/handler.go:24	[GoAdmin] [37;44m 200 [0m [37;104m GET   [0m /admin/info/op
2020-12-13T03:51:38.357+0300	controller/handler.go:24	[GoAdmin] [37;44m 200 [0m [37;104m GET   [0m /admin/info/op
2020-12-13T03:52:47.211+0300	controller/handler.go:24	[GoAdmin] [37;44m 200 [0m [37;104m GET   [0m /admin/info/op
2020-12-13T03:52:50.814+0300	controller/handler.go:24	[GoAdmin] [37;44m 200 [0m [37;104m GET   [0m /admin/info/faqCategories
2020-12-13T03:52:52.921+0300	controller/handler.go:24	[GoAdmin] [37;44m 200 [0m [37;104m GET   [0m /admin/info/op
2020-12-13T03:58:19.844+0300	controller/handler.go:24	[GoAdmin] [37;44m 200 [0m [37;104m GET   [0m /admin/menu/edit/show
2020-12-13T03:58:25.273+0300	controller/handler.go:24	[GoAdmin] [37;44m 200 [0m [37;104m POST   [0m /admin/menu/edit
2020-12-13T03:58:34.093+0300	controller/handler.go:24	[GoAdmin] [37;44m 200 [0m [37;104m GET   [0m /admin/menu/edit/show
2020-12-13T03:58:39.150+0300	controller/handler.go:24	[GoAdmin] [37;44m 200 [0m [37;104m POST   [0m /admin/menu/edit
2020-12-13T03:58:44.081+0300	controller/handler.go:24	[GoAdmin] [37;44m 200 [0m [37;104m GET   [0m /admin/menu/edit/show
2020-12-13T03:58:49.652+0300	controller/handler.go:24	[GoAdmin] [37;44m 200 [0m [37;104m POST   [0m /admin/menu/edit
2020-12-13T03:58:55.562+0300	controller/handler.go:24	[GoAdmin] [37;44m 200 [0m [37;104m GET   [0m /admin/menu/edit/show
2020-12-13T03:59:00.173+0300	controller/handler.go:24	[GoAdmin] [37;44m 200 [0m [37;104m POST   [0m /admin/menu/edit
2020-12-13T03:59:07.960+0300	controller/handler.go:24	[GoAdmin] [37;44m 200 [0m [37;104m POST   [0m /admin/menu/order
2020-12-13T03:59:08.008+0300	controller/handler.go:24	[GoAdmin] [37;44m 200 [0m [37;104m GET   [0m /admin/menu
2020-12-13T03:59:20.442+0300	controller/handler.go:24	[GoAdmin] [37;44m 200 [0m [37;104m GET   [0m /admin/menu
2020-12-13T03:59:20.516+0300	controller/handler.go:24	[GoAdmin] [37;44m 200 [0m [37;104m GET   [0m /admin/menu
2020-12-13T03:59:20.709+0300	controller/handler.go:24	[GoAdmin] [37;44m 200 [0m [37;104m GET   [0m /admin/menu
2020-12-13T03:59:22.298+0300	controller/handler.go:24	[GoAdmin] [37;44m 200 [0m [37;104m GET   [0m /admin/info/faqCategories
2020-12-13T03:59:27.088+0300	controller/handler.go:24	[GoAdmin] [37;44m 200 [0m [37;104m GET   [0m /admin/info/posts
2020-12-13T03:59:32.681+0300	controller/handler.go:24	[GoAdmin] [37;44m 200 [0m [37;104m GET   [0m /admin/info/documents
2020-12-13T03:59:34.963+0300	controller/handler.go:24	[GoAdmin] [37;44m 200 [0m [37;104m GET   [0m /admin/info/queue
2020-12-13T03:59:37.690+0300	controller/handler.go:24	[GoAdmin] [37;44m 200 [0m [37;104m GET   [0m /admin/info/votes
2020-12-13T03:59:40.349+0300	controller/handler.go:24	[GoAdmin] [37;44m 200 [0m [37;104m GET   [0m /admin/info/vote_answers
2020-12-13T04:01:56.863+0300	controller/handler.go:24	[GoAdmin] [37;44m 200 [0m [37;104m GET   [0m /admin/info/vote_answers
2020-12-13T04:03:24.920+0300	controller/handler.go:24	[GoAdmin] [37;44m 200 [0m [37;104m GET   [0m /admin/info/documents
2020-12-13T04:03:36.245+0300	controller/handler.go:24	[GoAdmin] [37;44m 200 [0m [37;104m GET   [0m /admin/info/documents
2020-12-13T04:06:30.015+0300	controller/handler.go:24	[GoAdmin] [37;44m 200 [0m [37;104m GET   [0m /admin/info/documents
2020-12-13T12:29:54.968+0300	controller/handler.go:24	[GoAdmin] [37;44m 302 [0m [37;104m GET   [0m /admin/info/documents
2020-12-13T12:29:55.008+0300	controller/handler.go:24	[GoAdmin] [37;44m 200 [0m [37;104m GET   [0m /admin/login
2020-12-13T12:29:55.135+0300	controller/handler.go:24	[GoAdmin] [37;44m 200 [0m [37;104m GET   [0m /admin/assets/login/dist/all.min.css
2020-12-13T12:29:55.135+0300	controller/handler.go:24	[GoAdmin] [37;44m 200 [0m [37;104m GET   [0m /admin/assets/login/dist/all.min.js
2020-12-13T12:30:03.332+0300	controller/handler.go:24	[GoAdmin] [37;44m 200 [0m [37;104m POST   [0m /admin/signin
2020-12-13T12:30:03.464+0300	controller/handler.go:24	[GoAdmin] [37;44m 200 [0m [37;104m GET   [0m /admin/assets/dist/js/all.min.8425540791.js
2020-12-13T12:30:03.471+0300	controller/handler.go:24	[GoAdmin] [37;44m 200 [0m [37;104m GET   [0m /admin/assets/dist/css/all.min.79250b7051.css
2020-12-13T12:30:03.504+0300	controller/handler.go:24	[GoAdmin] [37;44m 200 [0m [37;104m GET   [0m /admin/assets/dist/js/datatable.min.581cdc109b.js
2020-12-13T12:30:03.532+0300	controller/handler.go:24	[GoAdmin] [37;44m 200 [0m [37;104m GET   [0m /admin/assets/dist/js/form.min.f8678914e9.js
2020-12-13T12:30:03.547+0300	controller/handler.go:24	[GoAdmin] [37;44m 200 [0m [37;104m GET   [0m /admin/assets/dist/js/all_2.min.38a2a946b0.js
2020-12-13T12:30:03.604+0300	controller/handler.go:24	[GoAdmin] [37;44m 200 [0m [37;104m GET   [0m /admin/assets/dist/fonts/fontawesome-webfont.woff2
2020-12-13T12:30:03.700+0300	controller/handler.go:24	[GoAdmin] [37;44m 200 [0m [37;104m GET   [0m /admin/assets/dist/css/fonts/6xK3dSBYKcSV-LCoeQqfX1RYOo3qOK7g.ttf
2020-12-13T12:30:03.721+0300	controller/handler.go:24	[GoAdmin] [37;44m 200 [0m [37;104m GET   [0m /admin/assets/dist/css/fonts/6xKydSBYKcSV-LCoeQqfX1RYOo3i54rwlxdr.ttf
